<?xml version="1.0" encoding="UTF-8"?>
<testsuite xmlns:xsi="http://www.w3.org/2001/XMLSchema-instance" xsi:noNamespaceSchemaLocation="https://maven.apache.org/surefire/maven-surefire-plugin/xsd/surefire-test-report.xsd" name="TestSuite" time="0.935" tests="8" errors="0" skipped="7" failures="1">
  <properties>
    <property name="gopherProxySet" value="false"/>
    <property name="awt.toolkit" value="sun.lwawt.macosx.LWCToolkit"/>
    <property name="file.encoding.pkg" value="sun.io"/>
    <property name="java.specification.version" value="1.8"/>
    <property name="sun.cpu.isalist" value=""/>
    <property name="sun.jnu.encoding" value="UTF-8"/>
    <property name="java.class.path" value="/Users/mukeshotwani/git/MaySelenium2018/learnautomation.hybrid/target/test-classes:/Users/mukeshotwani/git/MaySelenium2018/learnautomation.hybrid/target/classes:/Users/mukeshotwani/.m2/repository/info/cukes/cucumber-java/1.2.5/cucumber-java-1.2.5.jar:/Users/mukeshotwani/.m2/repository/info/cukes/cucumber-core/1.2.5/cucumber-core-1.2.5.jar:/Users/mukeshotwani/.m2/repository/info/cukes/cucumber-html/0.2.3/cucumber-html-0.2.3.jar:/Users/mukeshotwani/.m2/repository/info/cukes/cucumber-jvm-deps/1.0.5/cucumber-jvm-deps-1.0.5.jar:/Users/mukeshotwani/.m2/repository/info/cukes/gherkin/2.12.2/gherkin-2.12.2.jar:/Users/mukeshotwani/.m2/repository/info/cukes/cucumber-junit/1.2.5/cucumber-junit-1.2.5.jar:/Users/mukeshotwani/.m2/repository/junit/junit/4.12/junit-4.12.jar:/Users/mukeshotwani/.m2/repository/org/hamcrest/hamcrest-core/1.3/hamcrest-core-1.3.jar:/Users/mukeshotwani/.m2/repository/org/seleniumhq/selenium/selenium-java/3.12.0/selenium-java-3.12.0.jar:/Users/mukeshotwani/.m2/repository/org/seleniumhq/selenium/selenium-api/3.12.0/selenium-api-3.12.0.jar:/Users/mukeshotwani/.m2/repository/org/seleniumhq/selenium/selenium-chrome-driver/3.12.0/selenium-chrome-driver-3.12.0.jar:/Users/mukeshotwani/.m2/repository/org/seleniumhq/selenium/selenium-edge-driver/3.12.0/selenium-edge-driver-3.12.0.jar:/Users/mukeshotwani/.m2/repository/org/seleniumhq/selenium/selenium-firefox-driver/3.12.0/selenium-firefox-driver-3.12.0.jar:/Users/mukeshotwani/.m2/repository/org/seleniumhq/selenium/selenium-ie-driver/3.12.0/selenium-ie-driver-3.12.0.jar:/Users/mukeshotwani/.m2/repository/org/seleniumhq/selenium/selenium-opera-driver/3.12.0/selenium-opera-driver-3.12.0.jar:/Users/mukeshotwani/.m2/repository/org/seleniumhq/selenium/selenium-remote-driver/3.12.0/selenium-remote-driver-3.12.0.jar:/Users/mukeshotwani/.m2/repository/org/seleniumhq/selenium/selenium-safari-driver/3.12.0/selenium-safari-driver-3.12.0.jar:/Users/mukeshotwani/.m2/repository/org/seleniumhq/selenium/selenium-support/3.12.0/selenium-support-3.12.0.jar:/Users/mukeshotwani/.m2/repository/net/bytebuddy/byte-buddy/1.8.3/byte-buddy-1.8.3.jar:/Users/mukeshotwani/.m2/repository/org/apache/commons/commons-exec/1.3/commons-exec-1.3.jar:/Users/mukeshotwani/.m2/repository/commons-codec/commons-codec/1.10/commons-codec-1.10.jar:/Users/mukeshotwani/.m2/repository/commons-logging/commons-logging/1.2/commons-logging-1.2.jar:/Users/mukeshotwani/.m2/repository/com/google/code/gson/gson/2.8.2/gson-2.8.2.jar:/Users/mukeshotwani/.m2/repository/com/google/guava/guava/23.6-jre/guava-23.6-jre.jar:/Users/mukeshotwani/.m2/repository/com/google/code/findbugs/jsr305/1.3.9/jsr305-1.3.9.jar:/Users/mukeshotwani/.m2/repository/org/checkerframework/checker-compat-qual/2.0.0/checker-compat-qual-2.0.0.jar:/Users/mukeshotwani/.m2/repository/com/google/errorprone/error_prone_annotations/2.1.3/error_prone_annotations-2.1.3.jar:/Users/mukeshotwani/.m2/repository/com/google/j2objc/j2objc-annotations/1.1/j2objc-annotations-1.1.jar:/Users/mukeshotwani/.m2/repository/org/codehaus/mojo/animal-sniffer-annotations/1.14/animal-sniffer-annotations-1.14.jar:/Users/mukeshotwani/.m2/repository/org/apache/httpcomponents/httpclient/4.5.3/httpclient-4.5.3.jar:/Users/mukeshotwani/.m2/repository/org/apache/httpcomponents/httpcore/4.4.6/httpcore-4.4.6.jar:/Users/mukeshotwani/.m2/repository/com/squareup/okhttp3/okhttp/3.9.1/okhttp-3.9.1.jar:/Users/mukeshotwani/.m2/repository/com/squareup/okio/okio/1.13.0/okio-1.13.0.jar:/Users/mukeshotwani/.m2/repository/com/relevantcodes/extentreports/2.41.2/extentreports-2.41.2.jar:/Users/mukeshotwani/.m2/repository/org/jsoup/jsoup/1.8.3/jsoup-1.8.3.jar:/Users/mukeshotwani/.m2/repository/org/xerial/sqlite-jdbc/3.8.11.1/sqlite-jdbc-3.8.11.1.jar:/Users/mukeshotwani/.m2/repository/org/freemarker/freemarker/2.3.23/freemarker-2.3.23.jar:/Users/mukeshotwani/.m2/repository/org/mongodb/mongodb-driver/3.0.4/mongodb-driver-3.0.4.jar:/Users/mukeshotwani/.m2/repository/org/mongodb/bson/3.0.4/bson-3.0.4.jar:/Users/mukeshotwani/.m2/repository/org/mongodb/mongodb-driver-core/3.0.4/mongodb-driver-core-3.0.4.jar:/Users/mukeshotwani/.m2/repository/commons-io/commons-io/2.6/commons-io-2.6.jar:/Users/mukeshotwani/.m2/repository/org/apache/poi/poi/3.15/poi-3.15.jar:/Users/mukeshotwani/.m2/repository/org/apache/commons/commons-collections4/4.1/commons-collections4-4.1.jar:/Users/mukeshotwani/.m2/repository/org/apache/poi/poi-ooxml/3.15/poi-ooxml-3.15.jar:/Users/mukeshotwani/.m2/repository/org/apache/poi/poi-ooxml-schemas/3.15/poi-ooxml-schemas-3.15.jar:/Users/mukeshotwani/.m2/repository/org/apache/xmlbeans/xmlbeans/2.6.0/xmlbeans-2.6.0.jar:/Users/mukeshotwani/.m2/repository/stax/stax-api/1.0.1/stax-api-1.0.1.jar:/Users/mukeshotwani/.m2/repository/com/github/virtuald/curvesapi/1.04/curvesapi-1.04.jar:/Users/mukeshotwani/.m2/repository/org/testng/testng/6.9.10/testng-6.9.10.jar:/Users/mukeshotwani/.m2/repository/com/beust/jcommander/1.48/jcommander-1.48.jar:/Users/mukeshotwani/.m2/repository/org/beanshell/bsh/2.0b4/bsh-2.0b4.jar:/Users/mukeshotwani/.m2/repository/org/apache/maven/surefire/surefire-testng-utils/2.22.0/surefire-testng-utils-2.22.0.jar:/Users/mukeshotwani/.m2/repository/org/apache/maven/surefire/surefire-grouper/2.22.0/surefire-grouper-2.22.0.jar:"/>
    <property name="java.vm.vendor" value="Oracle Corporation"/>
    <property name="sun.arch.data.model" value="64"/>
    <property name="java.vendor.url" value="http://java.oracle.com/"/>
    <property name="user.timezone" value=""/>
    <property name="user.country.format" value="IN"/>
    <property name="java.vm.specification.version" value="1.8"/>
    <property name="os.name" value="Mac OS X"/>
    <property name="user.country" value="US"/>
    <property name="sun.java.launcher" value="SUN_STANDARD"/>
    <property name="sun.boot.library.path" value="/Library/Java/JavaVirtualMachines/jdk1.8.0_101.jdk/Contents/Home/jre/lib"/>
    <property name="sun.java.command" value="/Users/mukeshotwani/git/MaySelenium2018/learnautomation.hybrid/target/surefire/surefirebooter6344941961482480253.jar /Users/mukeshotwani/git/MaySelenium2018/learnautomation.hybrid/target/surefire 2018-08-05T10-05-00_928-jvmRun1 surefire3604995080507657681tmp surefire_06657450480462610750tmp"/>
    <property name="http.nonProxyHosts" value="local|*.local|169.254/16|*.169.254/16"/>
    <property name="surefire.test.class.path" value="/Users/mukeshotwani/git/MaySelenium2018/learnautomation.hybrid/target/test-classes:/Users/mukeshotwani/git/MaySelenium2018/learnautomation.hybrid/target/classes:/Users/mukeshotwani/.m2/repository/info/cukes/cucumber-java/1.2.5/cucumber-java-1.2.5.jar:/Users/mukeshotwani/.m2/repository/info/cukes/cucumber-core/1.2.5/cucumber-core-1.2.5.jar:/Users/mukeshotwani/.m2/repository/info/cukes/cucumber-html/0.2.3/cucumber-html-0.2.3.jar:/Users/mukeshotwani/.m2/repository/info/cukes/cucumber-jvm-deps/1.0.5/cucumber-jvm-deps-1.0.5.jar:/Users/mukeshotwani/.m2/repository/info/cukes/gherkin/2.12.2/gherkin-2.12.2.jar:/Users/mukeshotwani/.m2/repository/info/cukes/cucumber-junit/1.2.5/cucumber-junit-1.2.5.jar:/Users/mukeshotwani/.m2/repository/junit/junit/4.12/junit-4.12.jar:/Users/mukeshotwani/.m2/repository/org/hamcrest/hamcrest-core/1.3/hamcrest-core-1.3.jar:/Users/mukeshotwani/.m2/repository/org/seleniumhq/selenium/selenium-java/3.12.0/selenium-java-3.12.0.jar:/Users/mukeshotwani/.m2/repository/org/seleniumhq/selenium/selenium-api/3.12.0/selenium-api-3.12.0.jar:/Users/mukeshotwani/.m2/repository/org/seleniumhq/selenium/selenium-chrome-driver/3.12.0/selenium-chrome-driver-3.12.0.jar:/Users/mukeshotwani/.m2/repository/org/seleniumhq/selenium/selenium-edge-driver/3.12.0/selenium-edge-driver-3.12.0.jar:/Users/mukeshotwani/.m2/repository/org/seleniumhq/selenium/selenium-firefox-driver/3.12.0/selenium-firefox-driver-3.12.0.jar:/Users/mukeshotwani/.m2/repository/org/seleniumhq/selenium/selenium-ie-driver/3.12.0/selenium-ie-driver-3.12.0.jar:/Users/mukeshotwani/.m2/repository/org/seleniumhq/selenium/selenium-opera-driver/3.12.0/selenium-opera-driver-3.12.0.jar:/Users/mukeshotwani/.m2/repository/org/seleniumhq/selenium/selenium-remote-driver/3.12.0/selenium-remote-driver-3.12.0.jar:/Users/mukeshotwani/.m2/repository/org/seleniumhq/selenium/selenium-safari-driver/3.12.0/selenium-safari-driver-3.12.0.jar:/Users/mukeshotwani/.m2/repository/org/seleniumhq/selenium/selenium-support/3.12.0/selenium-support-3.12.0.jar:/Users/mukeshotwani/.m2/repository/net/bytebuddy/byte-buddy/1.8.3/byte-buddy-1.8.3.jar:/Users/mukeshotwani/.m2/repository/org/apache/commons/commons-exec/1.3/commons-exec-1.3.jar:/Users/mukeshotwani/.m2/repository/commons-codec/commons-codec/1.10/commons-codec-1.10.jar:/Users/mukeshotwani/.m2/repository/commons-logging/commons-logging/1.2/commons-logging-1.2.jar:/Users/mukeshotwani/.m2/repository/com/google/code/gson/gson/2.8.2/gson-2.8.2.jar:/Users/mukeshotwani/.m2/repository/com/google/guava/guava/23.6-jre/guava-23.6-jre.jar:/Users/mukeshotwani/.m2/repository/com/google/code/findbugs/jsr305/1.3.9/jsr305-1.3.9.jar:/Users/mukeshotwani/.m2/repository/org/checkerframework/checker-compat-qual/2.0.0/checker-compat-qual-2.0.0.jar:/Users/mukeshotwani/.m2/repository/com/google/errorprone/error_prone_annotations/2.1.3/error_prone_annotations-2.1.3.jar:/Users/mukeshotwani/.m2/repository/com/google/j2objc/j2objc-annotations/1.1/j2objc-annotations-1.1.jar:/Users/mukeshotwani/.m2/repository/org/codehaus/mojo/animal-sniffer-annotations/1.14/animal-sniffer-annotations-1.14.jar:/Users/mukeshotwani/.m2/repository/org/apache/httpcomponents/httpclient/4.5.3/httpclient-4.5.3.jar:/Users/mukeshotwani/.m2/repository/org/apache/httpcomponents/httpcore/4.4.6/httpcore-4.4.6.jar:/Users/mukeshotwani/.m2/repository/com/squareup/okhttp3/okhttp/3.9.1/okhttp-3.9.1.jar:/Users/mukeshotwani/.m2/repository/com/squareup/okio/okio/1.13.0/okio-1.13.0.jar:/Users/mukeshotwani/.m2/repository/com/relevantcodes/extentreports/2.41.2/extentreports-2.41.2.jar:/Users/mukeshotwani/.m2/repository/org/jsoup/jsoup/1.8.3/jsoup-1.8.3.jar:/Users/mukeshotwani/.m2/repository/org/xerial/sqlite-jdbc/3.8.11.1/sqlite-jdbc-3.8.11.1.jar:/Users/mukeshotwani/.m2/repository/org/freemarker/freemarker/2.3.23/freemarker-2.3.23.jar:/Users/mukeshotwani/.m2/repository/org/mongodb/mongodb-driver/3.0.4/mongodb-driver-3.0.4.jar:/Users/mukeshotwani/.m2/repository/org/mongodb/bson/3.0.4/bson-3.0.4.jar:/Users/mukeshotwani/.m2/repository/org/mongodb/mongodb-driver-core/3.0.4/mongodb-driver-core-3.0.4.jar:/Users/mukeshotwani/.m2/repository/commons-io/commons-io/2.6/commons-io-2.6.jar:/Users/mukeshotwani/.m2/repository/org/apache/poi/poi/3.15/poi-3.15.jar:/Users/mukeshotwani/.m2/repository/org/apache/commons/commons-collections4/4.1/commons-collections4-4.1.jar:/Users/mukeshotwani/.m2/repository/org/apache/poi/poi-ooxml/3.15/poi-ooxml-3.15.jar:/Users/mukeshotwani/.m2/repository/org/apache/poi/poi-ooxml-schemas/3.15/poi-ooxml-schemas-3.15.jar:/Users/mukeshotwani/.m2/repository/org/apache/xmlbeans/xmlbeans/2.6.0/xmlbeans-2.6.0.jar:/Users/mukeshotwani/.m2/repository/stax/stax-api/1.0.1/stax-api-1.0.1.jar:/Users/mukeshotwani/.m2/repository/com/github/virtuald/curvesapi/1.04/curvesapi-1.04.jar:/Users/mukeshotwani/.m2/repository/org/testng/testng/6.9.10/testng-6.9.10.jar:/Users/mukeshotwani/.m2/repository/com/beust/jcommander/1.48/jcommander-1.48.jar:/Users/mukeshotwani/.m2/repository/org/beanshell/bsh/2.0b4/bsh-2.0b4.jar:/Users/mukeshotwani/.m2/repository/org/apache/maven/surefire/surefire-testng-utils/2.22.0/surefire-testng-utils-2.22.0.jar:/Users/mukeshotwani/.m2/repository/org/apache/maven/surefire/surefire-grouper/2.22.0/surefire-grouper-2.22.0.jar:"/>
    <property name="sun.cpu.endian" value="little"/>
    <property name="user.home" value="/Users/mukeshotwani"/>
    <property name="user.language" value="en"/>
    <property name="java.specification.vendor" value="Oracle Corporation"/>
    <property name="java.home" value="/Library/Java/JavaVirtualMachines/jdk1.8.0_101.jdk/Contents/Home/jre"/>
    <property name="basedir" value="/Users/mukeshotwani/git/MaySelenium2018/learnautomation.hybrid"/>
    <property name="file.separator" value="/"/>
    <property name="line.separator" value="&#10;"/>
    <property name="java.vm.specification.vendor" value="Oracle Corporation"/>
    <property name="java.specification.name" value="Java Platform API Specification"/>
    <property name="java.awt.graphicsenv" value="sun.awt.CGraphicsEnvironment"/>
    <property name="surefire.real.class.path" value="/Users/mukeshotwani/git/MaySelenium2018/learnautomation.hybrid/target/surefire/surefirebooter6344941961482480253.jar"/>
    <property name="sun.boot.class.path" value="/Library/Java/JavaVirtualMachines/jdk1.8.0_101.jdk/Contents/Home/jre/lib/resources.jar:/Library/Java/JavaVirtualMachines/jdk1.8.0_101.jdk/Contents/Home/jre/lib/rt.jar:/Library/Java/JavaVirtualMachines/jdk1.8.0_101.jdk/Contents/Home/jre/lib/sunrsasign.jar:/Library/Java/JavaVirtualMachines/jdk1.8.0_101.jdk/Contents/Home/jre/lib/jsse.jar:/Library/Java/JavaVirtualMachines/jdk1.8.0_101.jdk/Contents/Home/jre/lib/jce.jar:/Library/Java/JavaVirtualMachines/jdk1.8.0_101.jdk/Contents/Home/jre/lib/charsets.jar:/Library/Java/JavaVirtualMachines/jdk1.8.0_101.jdk/Contents/Home/jre/lib/jfr.jar:/Library/Java/JavaVirtualMachines/jdk1.8.0_101.jdk/Contents/Home/jre/classes"/>
    <property name="sun.management.compiler" value="HotSpot 64-Bit Tiered Compilers"/>
    <property name="ftp.nonProxyHosts" value="local|*.local|169.254/16|*.169.254/16"/>
    <property name="java.runtime.version" value="1.8.0_101-b13"/>
    <property name="user.name" value="mukeshotwani"/>
    <property name="path.separator" value=":"/>
    <property name="os.version" value="10.12.1"/>
    <property name="java.endorsed.dirs" value="/Library/Java/JavaVirtualMachines/jdk1.8.0_101.jdk/Contents/Home/jre/lib/endorsed"/>
    <property name="java.runtime.name" value="Java(TM) SE Runtime Environment"/>
    <property name="file.encoding" value="UTF-8"/>
    <property name="java.vm.name" value="Java HotSpot(TM) 64-Bit Server VM"/>
    <property name="localRepository" value="/Users/mukeshotwani/.m2/repository"/>
    <property name="java.vendor.url.bug" value="http://bugreport.sun.com/bugreport/"/>
    <property name="java.io.tmpdir" value="/var/folders/9r/k_t7n6p12jg7hj1kxzyt52yw0000gn/T/"/>
    <property name="java.version" value="1.8.0_101"/>
    <property name="user.dir" value="/Users/mukeshotwani/git/MaySelenium2018/learnautomation.hybrid"/>
    <property name="os.arch" value="x86_64"/>
    <property name="java.vm.specification.name" value="Java Virtual Machine Specification"/>
    <property name="java.awt.printerjob" value="sun.lwawt.macosx.CPrinterJob"/>
    <property name="sun.os.patch.level" value="unknown"/>
    <property name="java.library.path" value="/Users/mukeshotwani/Library/Java/Extensions:/Library/Java/Extensions:/Network/Library/Java/Extensions:/System/Library/Java/Extensions:/usr/lib/java:."/>
    <property name="java.vm.info" value="mixed mode"/>
    <property name="java.vendor" value="Oracle Corporation"/>
    <property name="java.vm.version" value="25.101-b13"/>
    <property name="java.ext.dirs" value="/Users/mukeshotwani/Library/Java/Extensions:/Library/Java/JavaVirtualMachines/jdk1.8.0_101.jdk/Contents/Home/jre/lib/ext:/Library/Java/Extensions:/Network/Library/Java/Extensions:/System/Library/Java/Extensions:/usr/lib/java"/>
    <property name="sun.io.unicode.encoding" value="UnicodeBig"/>
    <property name="java.class.version" value="52.0"/>
    <property name="socksNonProxyHosts" value="local|*.local|169.254/16|*.169.254/16"/>
  </properties>
  <testcase name="setupApplication" classname="testcases.CreateContacts2" time="0.736">
    <failure message="The driver is not executable: /Users/mukeshotwani/git/MaySelenium2018/learnautomation.hybrid/./Drivers/chromedriver.exe" type="java.lang.IllegalStateException">java.lang.IllegalStateException: The driver is not executable: /Users/mukeshotwani/git/MaySelenium2018/learnautomation.hybrid/./Drivers/chromedriver.exe
</failure>
    <system-out><![CDATA[**** Starting Application on Chrome****
]]></system-out>
  </testcase>
  <testcase name="validLogin" classname="testcases.CreateContacts2" time="0">
    <skipped/>
  </testcase>
  <testcase name="endTest" classname="testcases.CreateContacts2" time="0">
    <skipped/>
  </testcase>
  <testcase name="endTest" classname="testcases.CreateContacts2" time="0">
    <skipped/>
  </testcase>
  <testcase name="createContact" classname="testcases.CreateContacts2" time="0">
    <skipped message="Method CreateContacts2.createContact()[pri:0, instance:testcases.CreateContacts2@3a03464] depends on not successfully finished methods"/>
  </testcase>
  <testcase name="logOut" classname="testcases.CreateContacts2" time="0">
    <skipped/>
  </testcase>
  <testcase name="tearDownApplication" classname="testcases.CreateContacts2" time="0">
    <skipped/>
  </testcase>
  <testcase name="tearDownReport" classname="testcases.CreateContacts2" time="0">
    <skipped/>
  </testcase>
</testsuite>