<?xml version="1.0" encoding="UTF-8"?>
<!-- Generated by org.testng.reporters.JUnitReportReporter -->
<testsuite hostname="Chandani" name="testcases.CreateContacts2" tests="3" failures="0" timestamp="4 Aug 2018 03:50:44 GMT" time="24.261" errors="0">
  <testcase name="logOut" time="2.474" classname="testcases.CreateContacts2"/>
  <testcase name="createContact" time="10.356" classname="testcases.CreateContacts2"/>
  <testcase name="validLogin" time="11.431" classname="testcases.CreateContacts2"/>
</testsuite> <!-- testcases.CreateContacts2 -->
