<?xml version="1.0" encoding="UTF-8"?>
<!-- Generated by org.testng.reporters.JUnitReportReporter -->
<testsuite hostname="Chandani" name="testcases.CreateContacts2" tests="3" failures="0" timestamp="12 Aug 2018 16:15:10 GMT" time="48.301" errors="0">
  <testcase name="validLogin" time="28.427" classname="testcases.CreateContacts2"/>
  <testcase name="logOut" time="3.397" classname="testcases.CreateContacts2"/>
  <testcase name="createContact" time="16.477" classname="testcases.CreateContacts2"/>
</testsuite> <!-- testcases.CreateContacts2 -->
