<?xml version="1.0" encoding="UTF-8"?>
<!-- Generated by org.testng.reporters.JUnitReportReporter -->
<testsuite hostname="Chandani" name="testcases.CreateContacts2" tests="3" failures="0" timestamp="12 Aug 2018 13:15:51 GMT" time="34.052" errors="0">
  <testcase name="validLogin" time="14.503" classname="testcases.CreateContacts2"/>
  <testcase name="logOut" time="3.165" classname="testcases.CreateContacts2"/>
  <testcase name="createContact" time="16.384" classname="testcases.CreateContacts2"/>
</testsuite> <!-- testcases.CreateContacts2 -->
