<?xml version="1.0" encoding="UTF-8"?>
<!-- Generated by org.testng.reporters.JUnitReportReporter -->
<testsuite hostname="Chandani" name="testcases.CreateContacts2" tests="3" failures="0" timestamp="5 Aug 2018 03:55:49 GMT" time="26.871" errors="0">
  <testcase name="logOut" time="2.975" classname="testcases.CreateContacts2"/>
  <testcase name="createContact" time="11.931" classname="testcases.CreateContacts2"/>
  <testcase name="validLogin" time="11.965" classname="testcases.CreateContacts2"/>
</testsuite> <!-- testcases.CreateContacts2 -->
