<?xml version="1.0" encoding="UTF-8"?>
<!-- Generated by org.testng.reporters.JUnitReportReporter -->
<testsuite hostname="Chandani" name="testcases.APITest" tests="1" failures="0" timestamp="12 Aug 2018 13:30:23 GMT" time="4.429" errors="0">
  <testcase name="test1" time="4.429" classname="testcases.APITest"/>
</testsuite> <!-- testcases.APITest -->
